<?xml version="1.0" encoding="UTF-8"?>
<robot generator="Robot 7.2 (Python 3.12.5 on win32)" generated="2025-01-21T22:31:00.353511" rpa="false" schemaversion="5">
<suite id="s1" name="Workshop" source="C:\Users\USER\Desktop\robotFramework\[PIM]Workshop\workshop.robot">
<test id="s1-t1" name="Successful Purchase Process with Address Confirmation and Payment" line="12">
<kw name="Open Browser to Webpage">
<kw name="Open Browser" owner="SeleniumLibrary">
<msg time="2025-01-21T22:31:00.605217" level="INFO">Opening browser 'firefox' to base url 'https://www.allonline.7eleven.co.th/'.</msg>
<arg>${DEV_URL}</arg>
<arg>${BROWSER}</arg>
<doc>Opens a new browser instance to the optional ``url``.</doc>
<status status="PASS" start="2025-01-21T22:31:00.605217" elapsed="6.701920"/>
</kw>
<kw name="Wait Until Element Is Visible" owner="SeleniumLibrary">
<arg>id=page</arg>
<arg>timeout=2s</arg>
<doc>Waits until the element ``locator`` is visible.</doc>
<status status="PASS" start="2025-01-21T22:31:07.307137" elapsed="0.022190"/>
</kw>
<status status="PASS" start="2025-01-21T22:31:00.604217" elapsed="6.725110"/>
</kw>
<kw name="Accept website cookies">
<kw name="Wait Until Element Is Visible" owner="SeleniumLibrary">
<arg>id=btn-accept-gdpr</arg>
<arg>timeout=5s</arg>
<doc>Waits until the element ``locator`` is visible.</doc>
<status status="PASS" start="2025-01-21T22:31:07.330327" elapsed="0.719987"/>
</kw>
<kw name="Click Button" owner="SeleniumLibrary">
<msg time="2025-01-21T22:31:08.051315" level="INFO">Clicking button 'id=btn-accept-gdpr'.</msg>
<arg>id=btn-accept-gdpr</arg>
<doc>Clicks the button identified by ``locator``.</doc>
<status status="PASS" start="2025-01-21T22:31:08.051315" elapsed="3.532805"/>
</kw>
<status status="PASS" start="2025-01-21T22:31:07.330327" elapsed="4.253793"/>
</kw>
<kw name="Logs In with Valid Credentials">
<kw name="Click Element" owner="SeleniumLibrary">
<msg time="2025-01-21T22:31:11.585121" level="INFO">Clicking element 'Xpath=//*[@id="page"]/header/div[4]/div/div/div/ul/li[4]/a'.</msg>
<arg>Xpath=//*[@id="page"]/header/div[4]/div/div/div/ul/li[4]/a</arg>
<doc>Click the element identified by ``locator``.</doc>
<status status="PASS" start="2025-01-21T22:31:11.585121" elapsed="0.705830"/>
</kw>
<kw name="Wait Until Element Is Visible" owner="SeleniumLibrary">
<arg>name=email</arg>
<arg>timeout=3s</arg>
<doc>Waits until the element ``locator`` is visible.</doc>
<status status="PASS" start="2025-01-21T22:31:12.290951" elapsed="0.017877"/>
</kw>
<kw name="Input Text" owner="SeleniumLibrary">
<msg time="2025-01-21T22:31:12.309830" level="INFO">Typing text 'pahnkcnforyt@gmail.com' into text field 'name=email'.</msg>
<arg>name=email</arg>
<arg>${email}</arg>
<doc>Types the given ``text`` into the text field identified by ``locator``.</doc>
<status status="PASS" start="2025-01-21T22:31:12.309830" elapsed="0.049843"/>
</kw>
<kw name="Input Text" owner="SeleniumLibrary">
<msg time="2025-01-21T22:31:12.359673" level="INFO">Typing text 'Pim123456!' into text field 'name=password'.</msg>
<arg>name=password</arg>
<arg>${password}</arg>
<doc>Types the given ``text`` into the text field identified by ``locator``.</doc>
<status status="PASS" start="2025-01-21T22:31:12.359673" elapsed="0.019165"/>
</kw>
<kw name="Click Element" owner="SeleniumLibrary">
<msg time="2025-01-21T22:31:12.378838" level="INFO">Clicking element 'Xpath=/html/body/div[1]/div/div/div[2]/div[2]/div/div/div/div[6]/a[1]'.</msg>
<arg>Xpath=/html/body/div[1]/div/div/div[2]/div[2]/div/div/div/div[6]/a[1]</arg>
<doc>Click the element identified by ``locator``.</doc>
<status status="PASS" start="2025-01-21T22:31:12.378838" elapsed="0.219416"/>
</kw>
<kw name="Wait Until Page Contains" owner="SeleniumLibrary">
<arg>ALL member</arg>
<arg>timeout=3s</arg>
<doc>Waits until ``text`` appears on the current page.</doc>
<status status="PASS" start="2025-01-21T22:31:12.598254" elapsed="1.629891"/>
</kw>
<kw name="Click Button" owner="SeleniumLibrary">
<msg time="2025-01-21T22:31:14.228145" level="INFO">Clicking button 'Xpath=/html/body/div[1]/div/div/div[2]/div[2]/div/div/div[3]/div/button[2]'.</msg>
<arg>Xpath=/html/body/div[1]/div/div/div[2]/div[2]/div/div/div[3]/div/button[2]</arg>
<doc>Clicks the button identified by ``locator``.</doc>
<status status="PASS" start="2025-01-21T22:31:14.228145" elapsed="0.215152"/>
</kw>
<arg>pahnkcnforyt@gmail.com</arg>
<arg>Pim123456!</arg>
<status status="PASS" start="2025-01-21T22:31:11.585121" elapsed="2.858176"/>
</kw>
<kw name="Search Product by Name">
<kw name="Wait Until Element Is Visible" owner="SeleniumLibrary">
<arg>name=q</arg>
<arg>timeout=3s</arg>
<doc>Waits until the element ``locator`` is visible.</doc>
<status status="PASS" start="2025-01-21T22:31:14.444299" elapsed="1.260933"/>
</kw>
<kw name="Input Text" owner="SeleniumLibrary">
<msg time="2025-01-21T22:31:15.705232" level="INFO">Typing text 'ยำยำช้างน้อย รสบาร์บีคิว 120 กรัม' into text field 'name=q'.</msg>
<arg>name=q</arg>
<arg>${product_name}</arg>
<doc>Types the given ``text`` into the text field identified by ``locator``.</doc>
<status status="PASS" start="2025-01-21T22:31:15.705232" elapsed="0.056080"/>
</kw>
<kw name="Click Button" owner="SeleniumLibrary">
<msg time="2025-01-21T22:31:15.761312" level="INFO">Clicking button 'Xpath=/html/body/div[13]/header/div[5]/div/div/div/div/ul/li[3]/div/div[1]/form/div/span/button'.</msg>
<arg>Xpath=/html/body/div[13]/header/div[5]/div/div/div/div/ul/li[3]/div/div[1]/form/div/span/button</arg>
<doc>Clicks the button identified by ``locator``.</doc>
<status status="PASS" start="2025-01-21T22:31:15.761312" elapsed="3.572641"/>
</kw>
<arg>ยำยำช้างน้อย รสบาร์บีคิว 120 กรัม</arg>
<status status="PASS" start="2025-01-21T22:31:14.444299" elapsed="4.889654"/>
</kw>
<kw name="Verify Search Results">
<kw name="Get Text" owner="SeleniumLibrary">
<msg time="2025-01-21T22:31:19.344962" level="INFO">${search_result} = ผลการค้นหาสำหรับ »ยำยำช้างน้อย รสบาร์บีคิว 120 กรัม« (9164 สินค้า)</msg>
<var>${search_result}</var>
<arg>class=header-category</arg>
<doc>Returns the text value of the element identified by ``locator``.</doc>
<status status="PASS" start="2025-01-21T22:31:19.334955" elapsed="0.010007"/>
</kw>
<kw name="Should Be Equal" owner="BuiltIn">
<arg>${search_result}</arg>
<arg>${expect_result}</arg>
<doc>Fails if the given objects are unequal.</doc>
<status status="PASS" start="2025-01-21T22:31:19.344962" elapsed="0.000000"/>
</kw>
<kw name="Wait Until Page Contains" owner="SeleniumLibrary">
<arg>${product_name}</arg>
<doc>Waits until ``text`` appears on the current page.</doc>
<status status="PASS" start="2025-01-21T22:31:19.344962" elapsed="0.003999"/>
</kw>
<arg>ผลการค้นหาสำหรับ »ยำยำช้างน้อย รสบาร์บีคิว 120 กรัม« (9164 สินค้า)</arg>
<arg>ยำยำช้างน้อย รสบาร์บีคิว 120 กรัม</arg>
<status status="PASS" start="2025-01-21T22:31:19.334955" elapsed="0.014006"/>
</kw>
<kw name="Choose Product From Results">
<kw name="Set Variable" owner="BuiltIn">
<msg time="2025-01-21T22:31:19.349961" level="INFO">${dynamic_product_xpath} = //div[contains(@class, 'product-item') and contains(., 'ยำยำช้างน้อย รสบาร์บีคิว 120 กรัม')]</msg>
<var>${dynamic_product_xpath}</var>
<arg>//div[contains(@class, 'product-item') and contains(., '${product_name}')]</arg>
<doc>Returns the given values which can then be assigned to a variables.</doc>
<status status="PASS" start="2025-01-21T22:31:19.349961" elapsed="0.000000"/>
</kw>
<kw name="Wait Until Element Is Visible" owner="SeleniumLibrary">
<arg>xpath=${dynamic_product_xpath}</arg>
<arg>timeout=3s</arg>
<doc>Waits until the element ``locator`` is visible.</doc>
<status status="PASS" start="2025-01-21T22:31:19.349961" elapsed="0.006509"/>
</kw>
<kw name="Scroll Element Into View" owner="SeleniumLibrary">
<arg>xpath=${dynamic_product_xpath}</arg>
<doc>Scrolls the element identified by ``locator`` into view.</doc>
<status status="PASS" start="2025-01-21T22:31:19.356470" elapsed="0.288729"/>
</kw>
<kw name="Click Element" owner="SeleniumLibrary">
<msg time="2025-01-21T22:31:19.645199" level="INFO">Clicking element 'xpath=//div[contains(@class, 'product-item') and contains(., 'ยำยำช้างน้อย รสบาร์บีคิว 120 กรัม')]'.</msg>
<arg>xpath=${dynamic_product_xpath}</arg>
<doc>Click the element identified by ``locator``.</doc>
<status status="PASS" start="2025-01-21T22:31:19.645199" elapsed="1.495924"/>
</kw>
<arg>ยำยำช้างน้อย รสบาร์บีคิว 120 กรัม</arg>
<status status="PASS" start="2025-01-21T22:31:19.348961" elapsed="1.792162"/>
</kw>
<kw name="Verify Product Details">
<kw name="Wait Until Element Is Visible" owner="SeleniumLibrary">
<arg>id=title-product</arg>
<arg>timeout=3s</arg>
<doc>Waits until the element ``locator`` is visible.</doc>
<status status="PASS" start="2025-01-21T22:31:21.142119" elapsed="0.037296"/>
</kw>
<kw name="Element Should Contain" owner="SeleniumLibrary">
<msg time="2025-01-21T22:31:21.186415" level="INFO">Element 'id=title-product' contains text 'ยำยำช้างน้อย รสบาร์บีคิว 120 กรัม'.</msg>
<arg>id=title-product</arg>
<arg>${product_name}</arg>
<doc>Verifies that element ``locator`` contains text ``expected``.</doc>
<status status="PASS" start="2025-01-21T22:31:21.179415" elapsed="0.007000"/>
</kw>
<kw name="Element Should Contain" owner="SeleniumLibrary">
<msg time="2025-01-21T22:31:21.193413" level="INFO">Element 'class=price' contains text '฿ 38'.</msg>
<arg>class=price</arg>
<arg>${product_price}</arg>
<doc>Verifies that element ``locator`` contains text ``expected``.</doc>
<status status="PASS" start="2025-01-21T22:31:21.186415" elapsed="0.006998"/>
</kw>
<arg>ยำยำช้างน้อย รสบาร์บีคิว 120 กรัม</arg>
<arg>฿ 38</arg>
<status status="PASS" start="2025-01-21T22:31:21.141123" elapsed="0.052290"/>
</kw>
<kw name="Place Order">
<kw name="Wait Until Element Is Visible" owner="SeleniumLibrary">
<arg>class=buy-now</arg>
<arg>timeout=3s</arg>
<doc>Waits until the element ``locator`` is visible.</doc>
<status status="PASS" start="2025-01-21T22:31:21.194414" elapsed="0.005000"/>
</kw>
<kw name="Click Button" owner="SeleniumLibrary">
<msg time="2025-01-21T22:31:21.199414" level="INFO">Clicking button 'class=buy-now'.</msg>
<arg>class=buy-now</arg>
<doc>Clicks the button identified by ``locator``.</doc>
<status status="PASS" start="2025-01-21T22:31:21.199414" elapsed="1.665092"/>
</kw>
<status status="PASS" start="2025-01-21T22:31:21.194414" elapsed="1.670092"/>
</kw>
<kw name="Select Shipping Method">
<kw name="Wait Until Element Is Visible" owner="SeleniumLibrary">
<arg>class=tab-address</arg>
<arg>timeout=3s</arg>
<doc>Waits until the element ``locator`` is visible.</doc>
<status status="PASS" start="2025-01-21T22:31:22.864506" elapsed="0.005998"/>
</kw>
<kw name="Click Element" owner="SeleniumLibrary">
<msg time="2025-01-21T22:31:22.870504" level="INFO">Clicking element 'class=tab-address'.</msg>
<arg>class=tab-address</arg>
<doc>Click the element identified by ``locator``.</doc>
<status status="PASS" start="2025-01-21T22:31:22.870504" elapsed="0.611860"/>
</kw>
<status status="PASS" start="2025-01-21T22:31:22.864506" elapsed="0.617858"/>
</kw>
<kw name="Fill Shipping Details">
<kw name="Wait Until Element Is Visible" owner="SeleniumLibrary">
<arg>id=address</arg>
<arg>timeout=3s</arg>
<doc>Waits until the element ``locator`` is visible.</doc>
<status status="PASS" start="2025-01-21T22:31:23.483365" elapsed="0.006999"/>
</kw>
<kw name="Input Text" owner="SeleniumLibrary">
<msg time="2025-01-21T22:31:23.491363" level="INFO">Typing text 'พันกร' into text field 'id=new-address-name'.</msg>
<arg>id=new-address-name</arg>
<arg>${name}</arg>
<doc>Types the given ``text`` into the text field identified by ``locator``.</doc>
<status status="PASS" start="2025-01-21T22:31:23.490364" elapsed="0.068885"/>
</kw>
<kw name="Input Text" owner="SeleniumLibrary">
<msg time="2025-01-21T22:31:23.560248" level="INFO">Typing text 'ชมจันทร์' into text field 'id=new-address-lastname'.</msg>
<arg>id=new-address-lastname</arg>
<arg>${last_name}</arg>
<doc>Types the given ``text`` into the text field identified by ``locator``.</doc>
<status status="PASS" start="2025-01-21T22:31:23.560248" elapsed="0.021946"/>
</kw>
<kw name="Input Text" owner="SeleniumLibrary">
<msg time="2025-01-21T22:31:23.583195" level="INFO">Typing text '061-991-7765' into text field 'id=new-address-mobile'.</msg>
<arg>id=new-address-mobile</arg>
<arg>${tel}</arg>
<doc>Types the given ``text`` into the text field identified by ``locator``.</doc>
<status status="PASS" start="2025-01-21T22:31:23.583195" elapsed="0.015998"/>
</kw>
<kw name="Input Text" owner="SeleniumLibrary">
<msg time="2025-01-21T22:31:23.600193" level="INFO">Typing text '45/9' into text field 'id=new-address-addrno'.</msg>
<arg>id=new-address-addrno</arg>
<arg>${house_no}</arg>
<doc>Types the given ``text`` into the text field identified by ``locator``.</doc>
<status status="PASS" start="2025-01-21T22:31:23.599193" elapsed="0.014001"/>
</kw>
<kw name="Input Text" owner="SeleniumLibrary">
<msg time="2025-01-21T22:31:23.613194" level="INFO">Typing text '7' into text field 'id=new-address-moo'.</msg>
<arg>id=new-address-moo</arg>
<arg>${moo}</arg>
<doc>Types the given ``text`` into the text field identified by ``locator``.</doc>
<status status="PASS" start="2025-01-21T22:31:23.613194" elapsed="0.014140"/>
</kw>
<kw name="Click Element" owner="SeleniumLibrary">
<msg time="2025-01-21T22:31:23.627334" level="INFO">Clicking element 'id=select2-new-address-province-container'.</msg>
<arg>id=select2-new-address-province-container</arg>
<doc>Click the element identified by ``locator``.</doc>
<status status="PASS" start="2025-01-21T22:31:23.627334" elapsed="0.234472"/>
</kw>
<kw name="Wait Until Element Is Visible" owner="SeleniumLibrary">
<arg>id=select2-new-address-province-results</arg>
<arg>timeout=3s</arg>
<doc>Waits until the element ``locator`` is visible.</doc>
<status status="PASS" start="2025-01-21T22:31:23.861806" elapsed="0.007996"/>
</kw>
<kw name="Input Text" owner="SeleniumLibrary">
<msg time="2025-01-21T22:31:23.870804" level="INFO">Typing text 'สมุทรปราการ' into text field 'class=select2-search__field'.</msg>
<arg>class=select2-search__field</arg>
<arg>${province}</arg>
<doc>Types the given ``text`` into the text field identified by ``locator``.</doc>
<status status="PASS" start="2025-01-21T22:31:23.870804" elapsed="0.030421"/>
</kw>
<kw name="Press Keys" owner="SeleniumLibrary">
<msg time="2025-01-21T22:31:23.902230" level="INFO">Sending key(s) ('RETURN',) to class=select2-search__field element.</msg>
<msg time="2025-01-21T22:31:24.205352" level="INFO">Pressing special key RETURN to element.</msg>
<msg time="2025-01-21T22:31:24.205352" level="INFO">Releasing special key RETURN.</msg>
<arg>class=select2-search__field</arg>
<arg>RETURN</arg>
<doc>Simulates the user pressing key(s) to an element or on the active browser.</doc>
<status status="PASS" start="2025-01-21T22:31:23.901225" elapsed="0.611061"/>
</kw>
<kw name="Click Element" owner="SeleniumLibrary">
<msg time="2025-01-21T22:31:24.512286" level="INFO">Clicking element 'id=select2-new-address-district-container'.</msg>
<arg>id=select2-new-address-district-container</arg>
<doc>Click the element identified by ``locator``.</doc>
<status status="PASS" start="2025-01-21T22:31:24.512286" elapsed="0.217189"/>
</kw>
<kw name="Wait Until Element Is Visible" owner="SeleniumLibrary">
<arg>id=select2-new-address-district-results</arg>
<arg>timeout=3s</arg>
<doc>Waits until the element ``locator`` is visible.</doc>
<status status="PASS" start="2025-01-21T22:31:24.729475" elapsed="0.010005"/>
</kw>
<kw name="Input Text" owner="SeleniumLibrary">
<msg time="2025-01-21T22:31:24.739480" level="INFO">Typing text 'บางพลี' into text field 'class=select2-search__field'.</msg>
<arg>class=select2-search__field</arg>
<arg>${district}</arg>
<doc>Types the given ``text`` into the text field identified by ``locator``.</doc>
<status status="PASS" start="2025-01-21T22:31:24.739480" elapsed="0.012002"/>
</kw>
<kw name="Press Keys" owner="SeleniumLibrary">
<msg time="2025-01-21T22:31:24.751482" level="INFO">Sending key(s) ('RETURN',) to class=select2-search__field element.</msg>
<msg time="2025-01-21T22:31:25.032958" level="INFO">Pressing special key RETURN to element.</msg>
<msg time="2025-01-21T22:31:25.032958" level="INFO">Releasing special key RETURN.</msg>
<arg>class=select2-search__field</arg>
<arg>RETURN</arg>
<doc>Simulates the user pressing key(s) to an element or on the active browser.</doc>
<status status="PASS" start="2025-01-21T22:31:24.751482" elapsed="0.631679"/>
</kw>
<kw name="Click Element" owner="SeleniumLibrary">
<msg time="2025-01-21T22:31:25.383161" level="INFO">Clicking element 'id=select2-new-address-sub-district-container'.</msg>
<arg>id=select2-new-address-sub-district-container</arg>
<doc>Click the element identified by ``locator``.</doc>
<status status="PASS" start="2025-01-21T22:31:25.383161" elapsed="0.217059"/>
</kw>
<kw name="Wait Until Element Is Visible" owner="SeleniumLibrary">
<arg>id=select2-new-address-sub-district-results</arg>
<arg>timeout=3s</arg>
<doc>Waits until the element ``locator`` is visible.</doc>
<status status="PASS" start="2025-01-21T22:31:25.600220" elapsed="0.008998"/>
</kw>
<kw name="Input Text" owner="SeleniumLibrary">
<msg time="2025-01-21T22:31:25.609218" level="INFO">Typing text 'บางปลา' into text field 'class=select2-search__field'.</msg>
<arg>class=select2-search__field</arg>
<arg>${sub_district}</arg>
<doc>Types the given ``text`` into the text field identified by ``locator``.</doc>
<status status="PASS" start="2025-01-21T22:31:25.609218" elapsed="0.011000"/>
</kw>
<kw name="Press Keys" owner="SeleniumLibrary">
<msg time="2025-01-21T22:31:25.621219" level="INFO">Sending key(s) ('RETURN',) to class=select2-search__field element.</msg>
<msg time="2025-01-21T22:31:25.899585" level="INFO">Pressing special key RETURN to element.</msg>
<msg time="2025-01-21T22:31:25.899585" level="INFO">Releasing special key RETURN.</msg>
<arg>class=select2-search__field</arg>
<arg>RETURN</arg>
<doc>Simulates the user pressing key(s) to an element or on the active browser.</doc>
<status status="PASS" start="2025-01-21T22:31:25.620218" elapsed="0.615366"/>
</kw>
<kw name="Wait Until Element Is Visible" owner="SeleniumLibrary">
<arg>class=btn-close</arg>
<arg>timeout=3s</arg>
<doc>Waits until the element ``locator`` is visible.</doc>
<status status="PASS" start="2025-01-21T22:31:26.235584" elapsed="0.423203"/>
</kw>
<kw name="Click Button" owner="SeleniumLibrary">
<msg time="2025-01-21T22:31:26.658787" level="INFO">Clicking button 'class=btn-close'.</msg>
<arg>class=btn-close</arg>
<doc>Clicks the button identified by ``locator``.</doc>
<status status="PASS" start="2025-01-21T22:31:26.658787" elapsed="0.241377"/>
</kw>
<kw name="Wait Until Element Is Visible" owner="SeleniumLibrary">
<arg>id=new-address-postal-code</arg>
<arg>timeout=3s</arg>
<doc>Waits until the element ``locator`` is visible.</doc>
<status status="PASS" start="2025-01-21T22:31:26.900164" elapsed="0.214518"/>
</kw>
<kw name="Get Value" owner="SeleniumLibrary">
<msg time="2025-01-21T22:31:27.119044" level="INFO">${get_postal_code} = 10540</msg>
<var>${get_postal_code}</var>
<arg>id=new-address-postal-code</arg>
<doc>Returns the value attribute of the element identified by ``locator``.</doc>
<status status="PASS" start="2025-01-21T22:31:27.114682" elapsed="0.004362"/>
</kw>
<kw name="Should Be Equal" owner="BuiltIn">
<arg>${get_postal_code}</arg>
<arg>${postal_code}</arg>
<doc>Fails if the given objects are unequal.</doc>
<status status="PASS" start="2025-01-21T22:31:27.119044" elapsed="0.001000"/>
</kw>
<kw name="Sleep" owner="BuiltIn">
<msg time="2025-01-21T22:31:30.120252" level="INFO">Slept 3 seconds.</msg>
<arg>3s</arg>
<doc>Pauses the test executed for the given time.</doc>
<status status="PASS" start="2025-01-21T22:31:27.120044" elapsed="3.000208"/>
</kw>
<arg>พันกร</arg>
<arg>ชมจันทร์</arg>
<arg>061-991-7765</arg>
<arg>45/9</arg>
<arg>7</arg>
<arg>สมุทรปราการ</arg>
<arg>บางพลี</arg>
<arg>บางปลา</arg>
<arg>10540</arg>
<status status="PASS" start="2025-01-21T22:31:23.482364" elapsed="6.637888"/>
</kw>
<status status="PASS" start="2025-01-21T22:31:00.603215" elapsed="29.518055"/>
</test>
<status status="PASS" start="2025-01-21T22:31:00.355997" elapsed="29.767271"/>
</suite>
<statistics>
<total>
<stat pass="1" fail="0" skip="0">All Tests</stat>
</total>
<tag>
</tag>
<suite>
<stat name="Workshop" id="s1" pass="1" fail="0" skip="0">Workshop</stat>
</suite>
</statistics>
<errors>
</errors>
</robot>
